<?xml version="1.0" encoding="UTF-8"?>
<testng-results ignored="0" total="1" passed="0" failed="1" skipped="0">
  <reporter-output>
  </reporter-output>
  <suite started-at="2023-04-25T14:46:42 IST" name="Default suite" finished-at="2023-04-25T14:46:42 IST" duration-ms="339">
    <groups>
      <group name="cucumber">
        <method signature="AbstractTestNGCucumberTests.runScenario(io.cucumber.testng.PickleWrapper,io.cucumber.testng.FeatureWrapper)[pri:0, instance:cucumberOPtions.TestNGTestRunner@2eae8e6e]" name="runScenario" class="io.cucumber.testng.AbstractTestNGCucumberTests"/>
      </group> <!-- cucumber -->
    </groups>
    <test started-at="2023-04-25T14:46:42 IST" name="Default test" finished-at="2023-04-25T14:46:42 IST" duration-ms="339">
      <class name="cucumberOPtions.TestNGTestRunner">
        <test-method is-config="true" signature="setUpClass(org.testng.ITestContext)[pri:0, instance:cucumberOPtions.TestNGTestRunner@2eae8e6e]" started-at="2023-04-25T14:46:42 IST" name="setUpClass" finished-at="2023-04-25T14:46:42 IST" duration-ms="187" status="PASS">
          <params>
            <param index="0">
              <value>
                <![CDATA[org.testng.TestRunner@78aea4b9]]>
              </value>
            </param>
          </params>
          <reporter-output>
          </reporter-output>
        </test-method> <!-- setUpClass -->
        <test-method signature="runScenario(io.cucumber.testng.PickleWrapper,io.cucumber.testng.FeatureWrapper)[pri:0, instance:cucumberOPtions.TestNGTestRunner@2eae8e6e]" started-at="2023-04-25T14:46:42 IST" name="runScenario" description="Runs Cucumber Scenarios" data-provider="scenarios" finished-at="2023-04-25T14:46:42 IST" duration-ms="96" status="FAIL">
          <params>
            <param index="0">
              <value>
                <![CDATA["Home page login"]]>
              </value>
            </param>
            <param index="1">
              <value>
                <![CDATA["Login application"]]>
              </value>
            </param>
          </params>
          <exception class="java.lang.IllegalStateException">
            <message>
              <![CDATA[The path to the driver executable The path to the driver executable must be set by the webdriver.chrome.driver system property; for more information, see https://github.com/SeleniumHQ/selenium/wiki/ChromeDriver. The latest version can be downloaded from https://chromedriver.storage.googleapis.com/index.html]]>
            </message>
            <full-stacktrace>
              <![CDATA[java.lang.IllegalStateException: The path to the driver executable The path to the driver executable must be set by the webdriver.chrome.driver system property; for more information, see https://github.com/SeleniumHQ/selenium/wiki/ChromeDriver. The latest version can be downloaded from https://chromedriver.storage.googleapis.com/index.html
at org.openqa.selenium.internal.Require$StateChecker.nonNull(Require.java:311)
at org.openqa.selenium.remote.service.DriverService.findExecutable(DriverService.java:135)
at org.openqa.selenium.chrome.ChromeDriverService.access$000(ChromeDriverService.java:38)
at org.openqa.selenium.chrome.ChromeDriverService$Builder.findDefaultExecutable(ChromeDriverService.java:231)
at org.openqa.selenium.remote.service.DriverService$Builder.build(DriverService.java:437)
at org.openqa.selenium.chrome.ChromeDriverService.createDefaultService(ChromeDriverService.java:127)
at org.openqa.selenium.chrome.ChromeDriver.<init>(ChromeDriver.java:48)
at stepDefinition.Stepdefinition.user_is_on_landing_page(Stepdefinition.java:21)
at ✽.user is on landing page(file:///home/lavanya/Documents/workspace-spring-tool-suite-4-4.17.2.RELEASE/Firstcucu/src/test/java/features/login.feature:4)
]]>
            </full-stacktrace>
          </exception> <!-- java.lang.IllegalStateException -->
          <reporter-output>
          </reporter-output>
        </test-method> <!-- runScenario -->
        <test-method is-config="true" signature="tearDownClass()[pri:0, instance:cucumberOPtions.TestNGTestRunner@2eae8e6e]" started-at="2023-04-25T14:46:42 IST" name="tearDownClass" finished-at="2023-04-25T14:46:42 IST" duration-ms="9" status="PASS">
          <reporter-output>
          </reporter-output>
        </test-method> <!-- tearDownClass -->
      </class> <!-- cucumberOPtions.TestNGTestRunner -->
    </test> <!-- Default test -->
  </suite> <!-- Default suite -->
</testng-results>
